d:\git\data_structure_learnning\datastructure\debug\datastructure.pch
d:\git\data_structure_learnning\datastructure\debug\vc120.pdb
d:\git\data_structure_learnning\datastructure\debug\vc120.idb
d:\git\data_structure_learnning\datastructure\debug\stdafx.obj
d:\git\data_structure_learnning\datastructure\debug\binarysearchtest.obj
d:\git\data_structure_learnning\datastructure\debug\binarytreetest.obj
d:\git\data_structure_learnning\datastructure\debug\datastructure.obj
d:\git\data_structure_learnning\datastructure\debug\graphtest.obj
d:\git\data_structure_learnning\datastructure\debug\hoffmantreetest.obj
d:\git\data_structure_learnning\datastructure\debug\interpolationsearchtest.obj
d:\git\data_structure_learnning\datastructure\debug\trietreetest.obj
d:\git\data_structure_learnning\debug\datastructure.pdb
d:\git\data_structure_learnning\datastructure\debug\datastructure.tlog\cl.command.1.tlog
d:\git\data_structure_learnning\datastructure\debug\datastructure.tlog\cl.read.1.tlog
d:\git\data_structure_learnning\datastructure\debug\datastructure.tlog\cl.write.1.tlog
d:\git\data_structure_learnning\datastructure\debug\datastructure.tlog\link.13012.read.1.tlog
d:\git\data_structure_learnning\datastructure\debug\datastructure.tlog\link.13012.write.1.tlog
d:\git\data_structure_learnning\datastructure\debug\datastructure.tlog\link.command.1.tlog
d:\git\data_structure_learnning\datastructure\debug\datastructure.tlog\link.read.1.tlog
d:\git\data_structure_learnning\datastructure\debug\datastructure.tlog\link.write.1.tlog
