生成启动时间为 2018/3/16 16:36:01。
     1>项目“D:\git\data_structure_learnning\DataStructure\DataStructure.vcxproj”在节点 2 上(Rebuild 个目标)。
     1>ClCompile:
         C:\Program Files (x86)\Microsoft Visual Studio 12.0\VC\bin\CL.exe /c /ID:\git\googletest\googletest\include\ /ZI /nologo /W3 /WX- /sdl /Od /Oy- /D WIN32 /D _DEBUG /D _CONSOLE /D _LIB /D _UNICODE /D UNICODE /Gm /EHsc /RTC1 /MDd /GS /fp:precise /Zc:wchar_t /Zc:forScope /Yc"stdafx.h" /Fp"Debug\DataStructure.pch" /Fo"Debug\\" /Fd"Debug\vc120.pdb" /Gd /TP /analyze- /errorReport:prompt stdafx.cpp
         stdafx.cpp
         C:\Program Files (x86)\Microsoft Visual Studio 12.0\VC\bin\CL.exe /c /ID:\git\googletest\googletest\include\ /ZI /nologo /W3 /WX- /sdl /Od /Oy- /D WIN32 /D _DEBUG /D _CONSOLE /D _LIB /D _UNICODE /D UNICODE /Gm /EHsc /RTC1 /MDd /GS /fp:precise /Zc:wchar_t /Zc:forScope /Yu"stdafx.h" /Fp"Debug\DataStructure.pch" /Fo"Debug\\" /Fd"Debug\vc120.pdb" /Gd /TP /analyze- /errorReport:prompt BinarySearchTest.cpp BinaryTreeTest.cpp DataStructure.cpp GraphTest.cpp HoffmanTreeTest.cpp InterpolationSearchTest.cpp TrieTreeTest.cpp
         TrieTreeTest.cpp
         InterpolationSearchTest.cpp
     1>d:\git\data_structure_learnning\datastructure\intdata.h(55): warning C4244: “初始化”: 从“float”转换到“size_t”，可能丢失数据
         HoffmanTreeTest.cpp
         GraphTest.cpp
     1>d:\git\data_structure_learnning\datastructure\intdata.h(55): warning C4244: “初始化”: 从“float”转换到“size_t”，可能丢失数据
         DataStructure.cpp
         BinaryTreeTest.cpp
     1>d:\git\data_structure_learnning\datastructure\intdata.h(55): warning C4244: “初始化”: 从“float”转换到“size_t”，可能丢失数据
         BinarySearchTest.cpp
     1>d:\git\data_structure_learnning\datastructure\intdata.h(55): warning C4244: “初始化”: 从“float”转换到“size_t”，可能丢失数据
         正在生成代码...
     1>d:\git\data_structure_learnning\datastructure\hoffmantree.h(112): warning C4715: “learn_data_structure::HoffmanTree::Search”: 不是所有的控件路径都返回值
     1>d:\git\data_structure_learnning\datastructure\trietree.h(99): warning C4715: “learn_data_structure::TrieTree::Insert”: 不是所有的控件路径都返回值
       Link:
         C:\Program Files (x86)\Microsoft Visual Studio 12.0\VC\bin\link.exe /ERRORREPORT:PROMPT /OUT:"D:\git\data_structure_learnning\Debug\DataStructure.exe" /INCREMENTAL /NOLOGO "D:\git\googletest\googletest\msvc\2010\gtest\Win32-Debug\gtestd.lib" kernel32.lib user32.lib gdi32.lib winspool.lib comdlg32.lib advapi32.lib shell32.lib ole32.lib oleaut32.lib uuid.lib odbc32.lib odbccp32.lib /MANIFEST /MANIFESTUAC:"level='asInvoker' uiAccess='false'" /manifest:embed /DEBUG /PDB:"D:\git\data_structure_learnning\Debug\DataStructure.pdb" /SUBSYSTEM:CONSOLE /TLBID:1 /DYNAMICBASE /NXCOMPAT /IMPLIB:"D:\git\data_structure_learnning\Debug\DataStructure.lib" /MACHINE:X86 Debug\BinarySearchTest.obj
         Debug\BinaryTreeTest.obj
         Debug\DataStructure.obj
         Debug\GraphTest.obj
         Debug\HoffmanTreeTest.obj
         Debug\InterpolationSearchTest.obj
         Debug\stdafx.obj
         Debug\TrieTreeTest.obj
         DataStructure.vcxproj -> D:\git\data_structure_learnning\Debug\DataStructure.exe
     1>已完成生成项目“D:\git\data_structure_learnning\DataStructure\DataStructure.vcxproj”(Rebuild 个目标)的操作。

生成成功。

已用时间 00:00:05.43
